[2013-10-08 20:42:26] START
[2013-11-30 20:58:52] EDIT 30thdec/views/default/index.html: -32
[2013-11-30 20:58:52] EDIT 30thdec/views/default/index.html: 0
[2013-11-30 20:58:52] EDIT 30thdec/views/default/index.html: 0
[2013-11-30 20:59:24] EDIT 30thdec/views/default/index.html: -27
[2013-11-30 20:59:25] EDIT 30thdec/views/default/index.html: 0
[2013-11-30 21:00:06] EDIT 30thdec/static/css_template/css/style.css: 0
[2013-11-30 21:00:06] EDIT 30thdec/static/css_template/css/style.css: 0
[2013-11-30 21:00:48] EDIT 30thdec/static/css_template/css/style.css: 0
[2013-11-30 21:00:48] EDIT 30thdec/static/css_template/css/style.css: 0
[2013-11-30 21:03:04] EDIT 30thdec/views/layout.html: -1
[2013-11-30 21:05:12] EDIT 30thdec/static/css_template/css/style.css: 0
[2013-11-30 21:05:16] EDIT 30thdec/static/css_template/css/style.css: 0
[2013-11-30 21:05:16] EDIT 30thdec/static/css_template/css/style.css: 0
[2013-11-30 21:05:16] EDIT 30thdec/static/css_template/css/style.css: 0
[2013-11-30 21:05:42] EDIT 30thdec/static/css_template/css/camera.css: 1
[2013-11-30 21:05:42] EDIT 30thdec/static/css_template/css/camera.css: 0
[2013-11-30 21:06:41] EDIT 30thdec/static/css_template/css/camera.css: -1
[2013-11-30 21:06:51] EDIT 30thdec/static/css_template/css/camera.css: 0
[2013-11-30 21:06:51] EDIT 30thdec/static/css_template/css/camera.css: 0
[2013-11-30 21:09:44] EDIT 30thdec/static/css_template/css/camera.css: 0
[2013-11-30 21:09:44] EDIT 30thdec/static/css_template/css/camera.css: 0
[2013-11-30 21:10:18] EDIT 30thdec/static/css_template/css/camera.css: 0
[2013-11-30 21:10:18] EDIT 30thdec/static/css_template/css/camera.css: 0
[2013-11-30 21:10:18] EDIT 30thdec/static/css_template/css/camera.css: 0
[2013-11-30 21:10:34] EDIT 30thdec/static/css_template/css/camera.css: 0
[2013-11-30 21:10:34] EDIT 30thdec/static/css_template/css/camera.css: 0
[2013-11-30 21:10:34] EDIT 30thdec/static/css_template/css/camera.css: 0
[2013-11-30 21:11:54] EDIT 30thdec/static/css_template/css/camera.css: 0
[2013-11-30 21:11:54] EDIT 30thdec/static/css_template/css/camera.css: 0
[2013-11-30 21:11:54] EDIT 30thdec/static/css_template/css/camera.css: 0
[2013-11-30 21:14:00] EDIT 30thdec/static/css_template/css/style.css: 0
[2013-11-30 21:14:00] EDIT 30thdec/static/css_template/css/style.css: 0
[2013-11-30 21:14:24] EDIT 30thdec/static/css_template/css/style.css: 0
[2013-11-30 21:15:37] EDIT 30thdec/static/css_template/css/style.css: 0
[2013-11-30 21:16:31] EDIT 30thdec/static/css_template/css/style.css: 0
[2013-11-30 21:16:31] EDIT 30thdec/static/css_template/css/style.css: 0
[2013-11-30 21:16:31] EDIT 30thdec/static/css_template/css/style.css: 0
[2013-11-30 21:16:32] EDIT 30thdec/static/css_template/css/style.css: 0
[2013-11-30 21:16:32] EDIT 30thdec/static/css_template/css/style.css: 0
[2013-11-30 21:16:32] EDIT 30thdec/static/css_template/css/style.css: 0
[2013-11-30 21:16:32] EDIT 30thdec/static/css_template/css/style.css: 0
[2013-11-30 21:16:52] EDIT 30thdec/static/css_template/css/style.css: 0
[2013-11-30 21:16:52] EDIT 30thdec/static/css_template/css/style.css: 0
[2013-11-30 21:16:52] EDIT 30thdec/static/css_template/css/style.css: 0
[2013-11-30 21:16:53] EDIT 30thdec/static/css_template/css/style.css: 0
[2013-11-30 21:17:04] EDIT 30thdec/static/css_template/css/style.css: 0
[2013-11-30 21:17:04] EDIT 30thdec/static/css_template/css/style.css: 0
[2013-11-30 21:17:04] EDIT 30thdec/static/css_template/css/style.css: 0
[2013-11-30 21:17:04] EDIT 30thdec/static/css_template/css/style.css: 0
[2013-11-30 21:17:05] EDIT 30thdec/static/css_template/css/style.css: 0
[2013-11-30 21:17:27] EDIT 30thdec/static/css_template/css/style.css: 0
[2013-11-30 21:17:28] EDIT 30thdec/static/css_template/css/style.css: 0
[2013-11-30 21:17:28] EDIT 30thdec/static/css_template/css/style.css: 0
[2013-11-30 21:17:56] EDIT 30thdec/static/css_template/css/style.css: 0
[2013-11-30 21:17:56] EDIT 30thdec/static/css_template/css/style.css: 0
[2013-11-30 21:18:37] EDIT 30thdec/views/layout.html: -4
[2013-11-30 21:19:33] EDIT 30thdec/views/layout.html: 5
[2013-11-30 21:19:33] EDIT 30thdec/views/layout.html: 0
[2013-11-30 21:19:40] EDIT 30thdec/views/layout.html: -3
[2013-11-30 21:19:40] EDIT 30thdec/views/layout.html: 0
[2013-11-30 21:19:40] EDIT 30thdec/views/layout.html: 0
[2013-11-30 21:19:52] EDIT 30thdec/views/layout.html: 3
[2013-11-30 21:21:01] EDIT 30thdec/views/layout.html: 0
[2013-11-30 21:21:01] EDIT 30thdec/views/layout.html: 0
[2013-11-30 21:21:01] EDIT 30thdec/views/layout.html: 0
[2013-11-30 21:21:11] EDIT 30thdec/views/layout.html: -4
[2013-11-30 21:21:12] EDIT 30thdec/views/layout.html: 0
[2013-11-30 21:21:12] EDIT 30thdec/views/layout.html: 0
[2013-11-30 21:21:25] EDIT 30thdec/views/layout.html: 0
[2013-11-30 21:21:25] EDIT 30thdec/views/layout.html: 0
[2013-11-30 21:21:35] EDIT 30thdec/static/css_template/css/style.css: 0
[2013-11-30 21:21:35] EDIT 30thdec/static/css_template/css/style.css: 0
[2013-11-30 21:21:36] EDIT 30thdec/static/css_template/css/style.css: 0
[2013-11-30 21:21:45] EDIT 30thdec/static/css_template/css/style.css: 0
[2013-11-30 21:21:45] EDIT 30thdec/static/css_template/css/style.css: 0
[2013-11-30 21:21:45] EDIT 30thdec/static/css_template/css/style.css: 0
[2013-11-30 21:21:45] EDIT 30thdec/static/css_template/css/style.css: 0
[2013-11-30 21:21:45] EDIT 30thdec/static/css_template/css/style.css: 0
[2013-11-30 21:21:45] EDIT 30thdec/static/css_template/css/style.css: 0
[2013-11-30 21:21:45] EDIT 30thdec/static/css_template/css/style.css: 0
[2013-11-30 21:21:46] EDIT 30thdec/static/css_template/css/style.css: 0
[2013-11-30 21:22:08] EDIT 30thdec/views/layout.html: 0
[2013-11-30 21:22:08] EDIT 30thdec/views/layout.html: 0
[2013-11-30 21:22:08] EDIT 30thdec/views/layout.html: 0
[2013-11-30 21:22:31] EDIT 30thdec/views/layout.html: -1
[2013-11-30 21:22:31] EDIT 30thdec/views/layout.html: 0
[2013-11-30 21:23:19] EDIT 30thdec/static/css_template/css/style.css: 0
[2013-11-30 21:23:19] EDIT 30thdec/static/css_template/css/style.css: 0
[2013-11-30 21:23:19] EDIT 30thdec/static/css_template/css/style.css: 0
[2013-11-30 21:23:39] EDIT 30thdec/static/css_template/css/style.css: 0
[2013-11-30 21:23:39] EDIT 30thdec/static/css_template/css/style.css: 0
[2013-11-30 21:23:39] EDIT 30thdec/static/css_template/css/style.css: 0
[2013-11-30 21:24:23] EDIT 30thdec/static/css_template/css/style.css: 0
[2013-11-30 21:24:23] EDIT 30thdec/static/css_template/css/style.css: 0
[2013-11-30 21:24:24] EDIT 30thdec/static/css_template/css/style.css: 0
[2013-11-30 21:24:36] EDIT 30thdec/static/css_template/css/style.css: 0
[2013-11-30 21:24:36] EDIT 30thdec/static/css_template/css/style.css: 0
[2013-11-30 21:24:36] EDIT 30thdec/static/css_template/css/style.css: 0
[2013-11-30 21:24:47] EDIT 30thdec/static/css_template/css/style.css: 0
[2013-11-30 21:24:47] EDIT 30thdec/static/css_template/css/style.css: 0
[2013-11-30 21:24:47] EDIT 30thdec/static/css_template/css/style.css: 0
[2013-11-30 21:25:57] EDIT 30thdec/static/css_template/css/style.css: 0
[2013-11-30 21:25:57] EDIT 30thdec/static/css_template/css/style.css: 0
[2013-11-30 21:28:09] EDIT 30thdec/static/css_template/css/style.css: 0
[2013-11-30 21:29:31] EDIT 30thdec/static/css_template/css/style.css: 2
[2013-11-30 21:29:31] EDIT 30thdec/static/css_template/css/style.css: 0
[2013-11-30 21:29:51] EDIT 30thdec/static/css_template/css/style.css: 0
[2013-11-30 21:29:51] EDIT 30thdec/static/css_template/css/style.css: 0
[2013-11-30 21:29:51] EDIT 30thdec/static/css_template/css/style.css: 0
[2013-11-30 21:31:19] EDIT 30thdec/static/css_template/css/style.css: -1
[2013-11-30 21:31:19] EDIT 30thdec/static/css_template/css/style.css: 0
[2013-11-30 21:32:37] EDIT 30thdec/static/css_template/css/style.css: 0
[2013-11-30 21:32:37] EDIT 30thdec/static/css_template/css/style.css: 0
[2013-11-30 21:32:37] EDIT 30thdec/static/css_template/css/style.css: 0
[2013-11-30 21:33:23] EDIT 30thdec/views/default/index.html: 1
[2013-11-30 21:33:23] EDIT 30thdec/views/default/index.html: 0
[2013-11-30 21:33:23] EDIT 30thdec/views/default/index.html: 0
[2013-11-30 21:33:52] EDIT 30thdec/views/default/index.html: 0
[2013-11-30 21:33:53] EDIT 30thdec/views/default/index.html: 0
[2013-11-30 21:33:53] EDIT 30thdec/views/default/index.html: 0
[2013-11-30 21:40:50] EDIT 30thdec/views/layout.html: -10
[2013-11-30 21:40:51] EDIT 30thdec/views/layout.html: 0
[2013-11-30 21:40:51] EDIT 30thdec/views/layout.html: 0
[2013-11-30 21:41:53] EDIT 30thdec/views/layout.html: -6
[2013-11-30 21:41:54] EDIT 30thdec/views/layout.html: 0
[2013-11-30 21:41:54] EDIT 30thdec/views/layout.html: 0
[2013-11-30 21:41:54] EDIT 30thdec/views/layout.html: 0
[2013-11-30 21:41:54] EDIT 30thdec/views/layout.html: 0
[2013-11-30 21:41:54] EDIT 30thdec/views/layout.html: 0
[2013-11-30 21:42:12] EDIT 30thdec/views/layout.html: 0
[2013-11-30 21:42:12] EDIT 30thdec/views/layout.html: 0
[2013-11-30 21:42:13] EDIT 30thdec/views/layout.html: 0
[2013-11-30 21:43:58] EDIT 30thdec/static/css_template/css/style.css: 0
[2013-11-30 21:43:58] EDIT 30thdec/static/css_template/css/style.css: 0
[2013-11-30 21:43:58] EDIT 30thdec/static/css_template/css/style.css: 0
[2013-11-30 21:43:59] EDIT 30thdec/static/css_template/css/style.css: 0
[2013-11-30 21:44:26] EDIT 30thdec/static/css_template/css/style.css: 0
[2013-11-30 21:44:26] EDIT 30thdec/static/css_template/css/style.css: 0
[2013-11-30 21:44:26] EDIT 30thdec/static/css_template/css/style.css: 0
[2013-11-30 21:46:17] EDIT 30thdec/static/css_template/css/style.css: 2
[2013-11-30 21:46:17] EDIT 30thdec/static/css_template/css/style.css: 0
[2013-11-30 21:46:17] EDIT 30thdec/static/css_template/css/style.css: 0
[2013-11-30 21:46:39] EDIT 30thdec/static/css_template/css/style.css: 0
[2013-11-30 21:46:39] EDIT 30thdec/static/css_template/css/style.css: 0
[2013-11-30 21:46:40] EDIT 30thdec/static/css_template/css/style.css: 0
[2013-11-30 21:47:01] EDIT 30thdec/views/default/index.html: 0
[2013-11-30 21:47:02] EDIT 30thdec/views/default/index.html: 0
[2013-11-30 21:47:44] EDIT 30thdec/views/default/index.html: 0
[2013-11-30 21:47:44] EDIT 30thdec/views/default/index.html: 0
[2013-11-30 21:47:45] EDIT 30thdec/views/default/index.html: 0
[2013-11-30 21:50:28] EDIT 30thdec/views/layout.html: -1
[2013-11-30 21:50:28] EDIT 30thdec/views/layout.html: 0
[2013-11-30 21:50:28] EDIT 30thdec/views/layout.html: 0
[2013-11-30 21:50:28] EDIT 30thdec/views/layout.html: 0
[2013-11-30 21:50:29] EDIT 30thdec/views/layout.html: 0
[2013-11-30 21:50:29] EDIT 30thdec/views/layout.html: 0
[2013-11-30 21:51:13] EDIT 30thdec/views/layout.html: -1
[2013-11-30 21:51:13] EDIT 30thdec/views/layout.html: 0
[2013-11-30 21:51:13] EDIT 30thdec/views/layout.html: 0
[2013-11-30 21:51:13] EDIT 30thdec/views/layout.html: 0
[2013-11-30 21:51:13] EDIT 30thdec/views/layout.html: 0
[2013-11-30 21:51:13] EDIT 30thdec/views/layout.html: 0
[2013-11-30 21:51:13] EDIT 30thdec/views/layout.html: 0
[2013-11-30 21:51:13] EDIT 30thdec/views/layout.html: 0
[2013-11-30 21:51:14] EDIT 30thdec/views/layout.html: 0
[2013-11-30 21:53:43] EDIT 30thdec/views/layout.html: 3
[2013-11-30 21:53:43] EDIT 30thdec/views/layout.html: 0
[2013-11-30 21:53:43] EDIT 30thdec/views/layout.html: 0
[2013-11-30 21:54:46] EDIT 30thdec/views/layout.html: 0
[2013-11-30 21:54:46] EDIT 30thdec/views/layout.html: 0
[2013-11-30 21:55:02] EDIT 30thdec/views/layout.html: 0
[2013-11-30 21:55:02] EDIT 30thdec/views/layout.html: 0
[2013-11-30 21:55:02] EDIT 30thdec/views/layout.html: 0
[2013-11-30 21:55:18] EDIT 30thdec/views/layout.html: 0
[2013-11-30 21:55:49] EDIT 30thdec/static/css_template/css/style.css: 0
[2013-11-30 21:55:49] EDIT 30thdec/static/css_template/css/style.css: 0
[2013-11-30 21:56:03] EDIT 30thdec/views/layout.html: 0
[2013-11-30 21:56:03] EDIT 30thdec/views/layout.html: 0
[2013-11-30 21:56:03] EDIT 30thdec/views/layout.html: 0
[2013-11-30 21:56:03] EDIT 30thdec/views/layout.html: 0
[2013-11-30 21:56:03] EDIT 30thdec/views/layout.html: 0
[2013-11-30 21:56:03] EDIT 30thdec/views/layout.html: 0
[2013-11-30 21:56:04] EDIT 30thdec/views/layout.html: 0
[2013-11-30 21:56:04] EDIT 30thdec/views/layout.html: 0
[2013-11-30 21:56:27] EDIT 30thdec/views/layout.html: 0
[2013-11-30 21:56:27] EDIT 30thdec/views/layout.html: 0
[2013-11-30 21:56:55] EDIT 30thdec/views/layout.html: 0
[2013-11-30 21:56:55] EDIT 30thdec/views/layout.html: 0
[2013-11-30 21:56:55] EDIT 30thdec/views/layout.html: 0
[2013-11-30 21:56:55] EDIT 30thdec/views/layout.html: 0
[2013-11-30 21:56:55] EDIT 30thdec/views/layout.html: 0
[2013-11-30 22:02:48] EDIT 30thdec/views/layout.html: 4
[2013-11-30 22:02:48] EDIT 30thdec/views/layout.html: 0
[2013-11-30 22:02:48] EDIT 30thdec/views/layout.html: 0
[2013-11-30 22:02:48] EDIT 30thdec/views/layout.html: 0
[2013-11-30 22:02:48] EDIT 30thdec/views/layout.html: 0
[2013-11-30 22:03:12] EDIT 30thdec/views/layout.html: 0
[2013-11-30 22:03:12] EDIT 30thdec/views/layout.html: 0
[2013-11-30 22:04:17] EDIT 30thdec/views/layout.html: 2
[2013-11-30 22:04:17] EDIT 30thdec/views/layout.html: 0
[2013-11-30 22:05:05] EDIT 30thdec/views/layout.html: 0
[2013-11-30 22:05:05] EDIT 30thdec/views/layout.html: 0
[2013-11-30 22:06:02] EDIT 30thdec/views/layout.html: 0
[2013-11-30 22:06:02] EDIT 30thdec/views/layout.html: 0
[2013-11-30 22:06:02] EDIT 30thdec/views/layout.html: 0
[2013-11-30 22:07:04] EDIT 30thdec/static/css_template/css/style.css: 4
[2013-11-30 22:07:04] EDIT 30thdec/static/css_template/css/style.css: 0
[2013-11-30 22:08:12] EDIT 30thdec/static/css_template/css/style.css: 1
[2013-11-30 22:08:12] EDIT 30thdec/static/css_template/css/style.css: 0
[2013-11-30 22:08:12] EDIT 30thdec/static/css_template/css/style.css: 0
[2013-11-30 22:08:42] EDIT 30thdec/static/css_template/css/style.css: 0
[2013-11-30 22:08:42] EDIT 30thdec/static/css_template/css/style.css: 0
[2013-11-30 22:08:43] EDIT 30thdec/static/css_template/css/style.css: 0
[2013-11-30 22:08:43] EDIT 30thdec/static/css_template/css/style.css: 0
[2013-11-30 22:09:04] EDIT 30thdec/views/layout.html: 0
[2013-11-30 22:09:04] EDIT 30thdec/views/layout.html: 0
[2013-11-30 22:09:13] EDIT 30thdec/views/layout.html: 0
[2013-11-30 22:09:14] EDIT 30thdec/views/layout.html: 0
[2013-11-30 22:09:24] EDIT 30thdec/views/layout.html: 0
[2013-11-30 22:09:25] EDIT 30thdec/views/layout.html: 0
[2013-11-30 22:10:36] EDIT 30thdec/static/css_template/css/style.css: 0
[2013-11-30 22:10:37] EDIT 30thdec/static/css_template/css/style.css: 0
[2013-11-30 22:10:37] EDIT 30thdec/static/css_template/css/style.css: 0
[2013-11-30 22:11:16] EDIT 30thdec/static/css_template/css/style.css: -1
[2013-11-30 22:11:16] EDIT 30thdec/static/css_template/css/style.css: 0
[2013-11-30 22:11:17] EDIT 30thdec/static/css_template/css/style.css: 0
[2013-11-30 22:11:17] EDIT 30thdec/static/css_template/css/style.css: 0
[2013-11-30 22:11:45] EDIT 30thdec/static/css_template/css/style.css: 1
[2013-11-30 22:11:45] EDIT 30thdec/static/css_template/css/style.css: 0
[2013-11-30 22:11:45] EDIT 30thdec/static/css_template/css/style.css: 0
[2013-11-30 22:11:54] EDIT 30thdec/static/css_template/css/style.css: 0
[2013-11-30 22:11:54] EDIT 30thdec/static/css_template/css/style.css: 0
[2013-11-30 22:12:08] EDIT 30thdec/static/css_template/css/style.css: 1
[2013-11-30 22:12:08] EDIT 30thdec/static/css_template/css/style.css: 0
[2013-11-30 22:12:20] EDIT 30thdec/static/css_template/css/style.css: 0
[2013-11-30 22:12:21] EDIT 30thdec/static/css_template/css/style.css: 0
[2013-11-30 22:13:02] EDIT 30thdec/static/css_template/css/style.css: 0
[2013-11-30 22:13:28] EDIT 30thdec/static/css_template/css/style.css: 1
[2013-11-30 22:13:28] EDIT 30thdec/static/css_template/css/style.css: 0
[2013-11-30 22:13:28] EDIT 30thdec/static/css_template/css/style.css: 0
[2013-11-30 22:14:12] EDIT 30thdec/static/css_template/css/style.css: 3
[2013-11-30 22:14:12] EDIT 30thdec/static/css_template/css/style.css: 0
[2013-11-30 22:15:28] EDIT 30thdec/views/layout.html: 0
[2013-11-30 22:15:29] EDIT 30thdec/views/layout.html: 0
[2013-11-30 22:15:29] EDIT 30thdec/views/layout.html: 0
[2013-11-30 22:15:36] EDIT 30thdec/views/layout.html: 0
[2013-11-30 22:15:37] EDIT 30thdec/views/layout.html: 0
[2013-11-30 22:15:54] EDIT 30thdec/static/css_template/css/style.css: -3
[2013-11-30 22:15:54] EDIT 30thdec/static/css_template/css/style.css: 0
[2013-11-30 22:16:24] EDIT 30thdec/views/layout.html: 0
[2013-11-30 22:16:25] EDIT 30thdec/views/layout.html: 0
[2013-11-30 22:16:25] EDIT 30thdec/views/layout.html: 0
[2013-11-30 22:17:19] EDIT 30thdec/static/css_template/css/style.css: -1
[2013-11-30 22:17:19] EDIT 30thdec/static/css_template/css/style.css: 0
[2013-11-30 22:18:13] EDIT 30thdec/views/layout.html: 0
[2013-11-30 22:18:14] EDIT 30thdec/views/layout.html: 0
[2013-11-30 22:18:14] EDIT 30thdec/views/layout.html: 0
[2013-11-30 22:18:14] EDIT 30thdec/views/layout.html: 0
[2013-11-30 22:22:40] EDIT 30thdec/static/css_template/css/style.css: 3
[2013-11-30 22:22:40] EDIT 30thdec/static/css_template/css/style.css: 0
[2013-11-30 22:22:40] EDIT 30thdec/static/css_template/css/style.css: 0
[2013-12-01 00:53:34] EDIT 30thdec/static/css_template/css/style.css: 0
[2013-12-01 00:53:34] EDIT 30thdec/static/css_template/css/style.css: 0
[2013-12-01 01:02:52] EDIT 30thdec/static/css_template/css/bootstrap.css: 0
[2013-12-01 01:03:17] EDIT 30thdec/static/css_template/css/bootstrap.css: 0
[2013-12-01 01:08:36] EDIT 30thdec/static/css_template/css/style.css: 0
[2013-12-01 01:08:36] EDIT 30thdec/static/css_template/css/style.css: 0
[2013-12-01 01:08:36] EDIT 30thdec/static/css_template/css/style.css: 0
[2013-12-01 01:08:49] EDIT 30thdec/static/css_template/css/bootstrap.css: 0
[2013-12-01 01:08:50] EDIT 30thdec/static/css_template/css/bootstrap.css: 0
[2013-12-01 01:11:27] EDIT 30thdec/static/css_template/css/bootstrap.css: 0
[2013-12-01 01:11:27] EDIT 30thdec/static/css_template/css/bootstrap.css: 0
[2013-12-01 01:11:27] EDIT 30thdec/static/css_template/css/bootstrap.css: 0
[2013-12-01 01:11:27] EDIT 30thdec/static/css_template/css/bootstrap.css: 0
[2013-12-01 01:12:42] EDIT 30thdec/static/css_template/css/style.css: 0
[2013-12-01 01:12:42] EDIT 30thdec/static/css_template/css/style.css: 0
[2013-12-01 01:12:42] EDIT 30thdec/static/css_template/css/style.css: 0
[2013-12-01 01:13:14] EDIT 30thdec/static/css_template/css/style.css: 0
[2013-12-01 01:13:14] EDIT 30thdec/static/css_template/css/style.css: 0
[2013-12-01 01:13:58] EDIT 30thdec/static/css_template/css/style.css: 0
[2013-12-01 01:13:58] EDIT 30thdec/static/css_template/css/style.css: 0
[2013-12-01 01:14:22] EDIT 30thdec/static/css_template/css/style.css: 0
[2013-12-01 01:14:23] EDIT 30thdec/static/css_template/css/style.css: 0
[2013-12-01 01:14:44] EDIT 30thdec/static/css_template/css/style.css: 0
[2013-12-01 01:14:45] EDIT 30thdec/static/css_template/css/style.css: 0
[2013-12-01 01:14:45] EDIT 30thdec/static/css_template/css/style.css: 0
[2013-12-01 01:21:21] EDIT 30thdec/static/css_template/css/style.css: 0
[2013-12-01 01:22:57] EDIT 30thdec/static/css_template/css/style.css: 1
[2013-12-01 01:22:57] EDIT 30thdec/static/css_template/css/style.css: 0
[2013-12-01 01:23:05] EDIT 30thdec/static/css_template/css/style.css: 0
[2013-12-01 01:23:05] EDIT 30thdec/static/css_template/css/style.css: 0
[2013-12-01 01:27:16] EDIT 30thdec/static/css_template/css/style.css: 0
[2013-12-01 01:27:16] EDIT 30thdec/static/css_template/css/style.css: 0
[2013-12-01 01:28:34] EDIT 30thdec/static/css_template/css/style.css: 0
[2013-12-01 01:29:34] EDIT 30thdec/static/css_template/css/style.css: 0
[2013-12-01 01:29:53] EDIT 30thdec/static/css_template/css/style.css: 0
[2013-12-01 01:30:06] EDIT 30thdec/static/css_template/css/style.css: 0
[2013-12-01 01:30:20] EDIT 30thdec/static/css_template/css/style.css: 0
[2013-12-01 01:30:20] EDIT 30thdec/static/css_template/css/style.css: 0
[2013-12-01 01:30:42] EDIT 30thdec/static/css_template/css/style.css: 0
[2013-12-01 01:31:11] EDIT 30thdec/static/css_template/css/style.css: 0
[2013-12-01 01:31:11] EDIT 30thdec/static/css_template/css/style.css: 0
[2013-12-01 01:31:35] EDIT 30thdec/static/css_template/css/style.css: -1
[2013-12-01 01:31:35] EDIT 30thdec/static/css_template/css/style.css: 0
[2013-12-01 01:31:40] EDIT 30thdec/static/css_template/css/style.css: 0
[2013-12-01 01:31:40] EDIT 30thdec/static/css_template/css/style.css: 0
[2013-12-01 01:31:40] EDIT 30thdec/static/css_template/css/style.css: 0
[2013-12-01 01:47:54] EDIT 30thdec/static/css_template/css/style.css: 31
[2013-12-01 01:47:55] EDIT 30thdec/static/css_template/css/style.css: 0
[2013-12-01 01:47:55] EDIT 30thdec/static/css_template/css/style.css: 0
[2013-12-01 01:47:55] EDIT 30thdec/static/css_template/css/style.css: 0
[2013-12-01 01:48:06] EDIT 30thdec/views/default/index.html: 22
[2013-12-01 01:48:06] EDIT 30thdec/views/default/index.html: 0
[2013-12-01 01:48:06] EDIT 30thdec/views/default/index.html: 0
[2013-12-01 01:49:49] EDIT 30thdec/static/css_template/css/style.css: 0
[2013-12-01 01:49:49] EDIT 30thdec/static/css_template/css/style.css: 0
[2013-12-01 01:50:08] EDIT 30thdec/static/css_template/css/style.css: -1
[2013-12-01 01:50:08] EDIT 30thdec/static/css_template/css/style.css: 0
[2013-12-01 01:50:08] EDIT 30thdec/static/css_template/css/style.css: 0
[2013-12-01 01:50:08] EDIT 30thdec/static/css_template/css/style.css: 0
[2013-12-01 01:52:28] EDIT 30thdec/views/default/index.html: 0
[2013-12-01 01:52:29] EDIT 30thdec/views/default/index.html: 0
[2013-12-01 01:52:29] EDIT 30thdec/views/default/index.html: 0
[2013-12-01 01:53:46] EDIT 30thdec/views/default/index.html: 1
[2013-12-01 01:54:09] EDIT 30thdec/views/default/index.html: -1
[2013-12-01 01:54:09] EDIT 30thdec/views/default/index.html: 0
[2013-12-01 01:54:09] EDIT 30thdec/views/default/index.html: 0
[2013-12-01 01:56:12] EDIT 30thdec/views/default/index.html: 6
[2013-12-01 01:56:12] EDIT 30thdec/views/default/index.html: 0
[2013-12-01 01:56:37] EDIT 30thdec/static/css_template/css/style.css: 0
[2013-12-01 01:56:37] EDIT 30thdec/static/css_template/css/style.css: 0
[2013-12-01 01:56:37] EDIT 30thdec/static/css_template/css/style.css: 0
[2013-12-01 01:56:59] EDIT 30thdec/static/css_template/css/style.css: 0
[2013-12-01 01:57:00] EDIT 30thdec/static/css_template/css/style.css: 0
[2013-12-01 01:57:00] EDIT 30thdec/static/css_template/css/style.css: 0
[2013-12-01 01:57:51] EDIT 30thdec/static/css_template/css/style.css: 2
[2013-12-01 01:57:52] EDIT 30thdec/static/css_template/css/style.css: 0
[2013-12-01 01:58:36] EDIT 30thdec/static/css_template/css/style.css: 0
[2013-12-01 01:58:36] EDIT 30thdec/static/css_template/css/style.css: 0
[2013-12-01 01:58:37] EDIT 30thdec/static/css_template/css/style.css: 0
[2013-12-01 01:59:49] EDIT 30thdec/views/default/index.html: 0
[2013-12-01 01:59:49] EDIT 30thdec/views/default/index.html: 0
[2013-12-01 02:01:05] EDIT 30thdec/static/css_template/css/style.css: 3
[2013-12-01 02:01:57] EDIT 30thdec/static/css_template/css/style.css: 5
[2013-12-01 02:01:58] EDIT 30thdec/static/css_template/css/style.css: 0
[2013-12-01 02:02:23] EDIT 30thdec/static/css_template/css/style.css: -3
[2013-12-01 02:02:23] EDIT 30thdec/static/css_template/css/style.css: 0
[2013-12-01 02:02:23] EDIT 30thdec/static/css_template/css/style.css: 0
[2013-12-01 02:05:15] EDIT 30thdec/static/css_template/css/style.css: 1
[2013-12-01 02:05:16] EDIT 30thdec/static/css_template/css/style.css: 0
[2013-12-01 02:05:56] EDIT 30thdec/static/css_template/css/style.css: 0
[2013-12-01 02:05:56] EDIT 30thdec/static/css_template/css/style.css: 0
[2013-12-01 02:06:12] EDIT 30thdec/static/css_template/css/style.css: 0
[2013-12-01 02:06:12] EDIT 30thdec/static/css_template/css/style.css: 0
[2013-12-01 02:06:12] EDIT 30thdec/static/css_template/css/style.css: 0
[2013-12-01 02:07:06] EDIT 30thdec/static/css_template/css/style.css: 0
[2013-12-01 02:07:06] EDIT 30thdec/static/css_template/css/style.css: 0
[2013-12-01 02:07:06] EDIT 30thdec/static/css_template/css/style.css: 0
[2013-12-01 02:07:07] EDIT 30thdec/static/css_template/css/style.css: 0
[2013-12-01 02:07:32] EDIT 30thdec/static/css_template/css/style.css: 0
[2013-12-01 02:07:43] EDIT 30thdec/views/default/index.html: 0
[2013-12-01 02:07:44] EDIT 30thdec/views/default/index.html: 0
[2013-12-01 02:07:54] EDIT 30thdec/static/css_template/css/style.css: 0
[2013-12-01 02:07:54] EDIT 30thdec/static/css_template/css/style.css: 0
[2013-12-01 02:08:15] EDIT 30thdec/static/css_template/css/style.css: 0
[2013-12-01 02:08:15] EDIT 30thdec/static/css_template/css/style.css: 0
[2013-12-01 02:09:21] EDIT 30thdec/static/css_template/css/style.css: 1
[2013-12-01 02:09:21] EDIT 30thdec/static/css_template/css/style.css: 0
[2013-12-01 02:09:31] EDIT 30thdec/static/css_template/css/style.css: 0
[2013-12-01 02:09:31] EDIT 30thdec/static/css_template/css/style.css: 0
[2013-12-01 02:09:53] EDIT 30thdec/static/css_template/css/style.css: 1
[2013-12-01 02:09:53] EDIT 30thdec/static/css_template/css/style.css: 0
[2013-12-01 02:17:06] EDIT 30thdec/views/default/index.html: -1
[2013-12-01 02:17:07] EDIT 30thdec/views/default/index.html: 0
[2013-12-01 02:17:56] EDIT 30thdec/static/css_template/css/style.css: 0
[2013-12-01 02:17:56] EDIT 30thdec/static/css_template/css/style.css: 0
[2013-12-01 02:18:21] EDIT 30thdec/static/css_template/css/style.css: 0
[2013-12-01 02:18:22] EDIT 30thdec/static/css_template/css/style.css: 0
[2013-12-01 02:19:31] CREATE layout2.html: 0
[2013-12-01 02:19:37] EDIT 30thdec/views/layout2.html: 260
[2013-12-01 02:19:37] EDIT 30thdec/views/layout2.html: 0
[2013-12-01 02:20:41] EDIT 30thdec/views/default/search.html: 0
[2013-12-01 02:20:41] EDIT 30thdec/views/default/search.html: 0
[2013-12-01 02:20:42] EDIT 30thdec/views/default/search.html: 0
[2013-12-01 02:20:42] EDIT 30thdec/views/default/search.html: 0
[2013-12-01 02:29:16] EDIT 30thdec/views/layout2.html: 0
[2013-12-01 02:29:17] EDIT 30thdec/views/layout2.html: 0
[2013-12-01 02:29:17] EDIT 30thdec/views/layout2.html: 0
[2013-12-01 02:36:29] EDIT 30thdec/views/layout2.html: 0
[2013-12-01 03:14:23] EDIT 30thdec/controllers/default.py: 2
[2013-12-01 03:14:34] EDIT 30thdec/controllers/default.py: 0
[2013-12-01 03:14:43] EDIT 30thdec/controllers/default.py: 0
[2013-12-01 03:14:43] EDIT 30thdec/controllers/default.py: 0
[2013-12-01 03:14:44] EDIT 30thdec/controllers/default.py: 0
[2013-12-01 03:14:44] EDIT 30thdec/controllers/default.py: 0
[2013-12-01 03:17:51] EDIT 30thdec/views/layout2.html: 13
[2013-12-01 03:17:51] EDIT 30thdec/views/layout2.html: 0
[2013-12-01 03:17:51] EDIT 30thdec/views/layout2.html: 0
[2013-12-01 03:17:52] EDIT 30thdec/views/layout2.html: 0
[2013-12-01 03:17:52] EDIT 30thdec/views/layout2.html: 0
[2013-12-01 03:19:17] EDIT 30thdec/views/layout.html: 14
[2013-12-01 03:19:18] EDIT 30thdec/views/layout.html: 0
[2013-12-01 03:19:18] EDIT 30thdec/views/layout.html: 0
[2013-12-01 03:19:18] EDIT 30thdec/views/layout.html: 0
[2013-12-01 03:22:59] EDIT 30thdec/controllers/default.py: 0
[2013-12-01 03:22:59] EDIT 30thdec/controllers/default.py: 0
[2013-12-01 03:22:59] EDIT 30thdec/controllers/default.py: 0
[2013-12-01 03:23:14] EDIT 30thdec/controllers/default.py: 0
[2013-12-01 03:23:23] EDIT 30thdec/controllers/default.py: 0
[2013-12-01 03:23:24] EDIT 30thdec/controllers/default.py: 0
[2013-12-01 03:23:30] EDIT 30thdec/controllers/default.py: 0
[2013-12-01 03:23:31] EDIT 30thdec/controllers/default.py: 0
[2013-12-01 03:24:55] EDIT 30thdec/views/layout.html: 8
[2013-12-01 03:24:55] EDIT 30thdec/views/layout.html: 0
[2013-12-01 03:24:55] EDIT 30thdec/views/layout.html: 0
[2013-12-01 03:25:39] EDIT 30thdec/views/layout.html: 0
[2013-12-01 03:25:39] EDIT 30thdec/views/layout.html: 0
[2013-12-01 03:25:55] EDIT 30thdec/views/layout2.html: 8
[2013-12-01 03:25:55] EDIT 30thdec/views/layout2.html: 0
[2013-12-01 03:42:55] EDIT 30thdec/controllers/default.py: 1
[2013-12-01 03:43:53] EDIT 30thdec/views/layout.html: 0
[2013-12-01 03:43:53] EDIT 30thdec/views/layout.html: 0
[2013-12-01 03:44:17] EDIT 30thdec/views/layout.html: 0
[2013-12-01 03:44:19] EDIT 30thdec/controllers/default.py: 0
[2013-12-01 03:44:19] EDIT 30thdec/views/layout2.html: 0
[2013-12-01 03:44:50] EDIT 30thdec/controllers/default.py: 0
[2013-12-01 03:44:50] EDIT 30thdec/controllers/default.py: 0
[2013-12-01 03:49:13] EDIT 30thdec/views/layout.html: 0
[2013-12-01 03:49:13] EDIT 30thdec/views/layout.html: 0
[2013-12-01 03:49:22] EDIT 30thdec/views/layout.html: 0
[2013-12-01 03:49:33] EDIT 30thdec/views/layout2.html: 0
[2013-12-01 03:49:33] EDIT 30thdec/views/layout2.html: 0
[2013-12-01 03:50:10] EDIT 30thdec/views/layout.html: 0
[2013-12-01 03:50:10] EDIT 30thdec/views/layout.html: 0
[2013-12-01 03:50:14] EDIT 30thdec/views/layout2.html: 0
[2013-12-01 03:50:14] EDIT 30thdec/views/layout2.html: 0
[2013-12-01 03:50:14] EDIT 30thdec/views/layout2.html: 0
[2013-12-01 03:50:38] EDIT 30thdec/views/layout2.html: 1
[2013-12-01 03:50:39] EDIT 30thdec/views/layout2.html: 0
[2013-12-01 03:50:40] EDIT 30thdec/views/layout.html: 0
[2013-12-01 03:50:40] EDIT 30thdec/views/layout.html: 0
[2013-12-01 03:50:40] EDIT 30thdec/views/layout.html: 0
[2013-12-01 03:50:40] EDIT 30thdec/views/layout.html: 0
[2013-12-01 03:50:41] EDIT 30thdec/views/layout.html: 0
[2013-12-01 03:50:41] EDIT 30thdec/views/layout.html: 0
[2013-12-01 03:51:45] EDIT 30thdec/views/layout.html: 0
[2013-12-01 03:51:45] EDIT 30thdec/views/layout.html: 0
[2013-12-01 03:52:07] EDIT 30thdec/views/layout.html: 0
[2013-12-01 03:52:07] EDIT 30thdec/views/layout.html: 0
[2013-12-01 03:52:21] EDIT 30thdec/views/layout.html: 0
[2013-12-01 03:52:21] EDIT 30thdec/views/layout.html: 0
[2013-12-01 03:52:38] EDIT 30thdec/views/layout.html: 0
[2013-12-01 03:52:38] EDIT 30thdec/views/layout.html: 0
[2013-12-01 03:52:39] EDIT 30thdec/views/layout.html: 0
[2013-12-01 03:52:39] EDIT 30thdec/views/layout.html: 0
[2013-12-01 03:52:56] EDIT 30thdec/views/layout2.html: 0
[2013-12-01 03:52:56] EDIT 30thdec/views/layout2.html: 0
[2013-12-01 03:53:16] EDIT 30thdec/views/layout2.html: -1
[2013-12-01 03:53:16] EDIT 30thdec/views/layout2.html: 0
[2013-12-01 03:54:49] EDIT 30thdec/views/default/hotel_search.html: 27
[2013-12-01 03:54:49] EDIT 30thdec/views/default/hotel_search.html: 0
[2013-12-01 14:40:53] EDIT UIpart/views/layout.html: 6
[2013-12-01 14:41:26] EDIT UIpart/views/layout2.html: 6
[2013-12-01 14:41:26] EDIT UIpart/views/layout2.html: 0
[2013-12-01 14:41:29] EDIT UIpart/views/layout.html: 0
[2013-12-01 14:42:21] EDIT UIpart/views/layout.html: 6
[2013-12-01 14:42:33] EDIT UIpart/views/layout2.html: 6
[2013-12-01 14:42:33] EDIT UIpart/views/layout2.html: 0
[2013-12-01 14:42:34] EDIT UIpart/views/layout.html: 0
[2013-12-01 14:43:15] EDIT UIpart/views/layout.html: 0
[2013-12-01 14:43:15] EDIT UIpart/views/layout.html: 0
[2013-12-01 14:44:08] EDIT UIpart/views/layout.html: 0
[2013-12-01 14:44:08] EDIT UIpart/views/layout.html: 0
[2013-12-01 14:45:07] EDIT UIpart/views/layout.html: 0
[2013-12-01 14:45:16] EDIT UIpart/views/layout.html: 0
[2013-12-01 14:45:17] EDIT UIpart/views/layout.html: 0
[2013-12-01 14:47:53] EDIT UIpart/controllers/default.py: 0
[2013-12-01 14:48:17] EDIT UIpart/controllers/default.py: 0
[2013-12-01 14:48:17] EDIT UIpart/controllers/default.py: 0
[2013-12-01 14:48:17] EDIT UIpart/controllers/default.py: 0
[2013-12-01 14:48:23] EDIT UIpart/controllers/default.py: -1
[2013-12-01 14:49:13] EDIT UIpart/views/layout.html: 0
[2013-12-01 14:50:44] EDIT UIpart/views/layout2.html: 0
[2013-12-01 14:50:44] EDIT UIpart/views/layout2.html: 0
[2013-12-01 14:50:51] EDIT UIpart/views/layout.html: 0
[2013-12-01 14:50:51] EDIT UIpart/views/layout.html: 0
[2013-12-01 14:50:51] EDIT UIpart/views/layout.html: 0
[2013-12-01 14:51:17] EDIT UIpart/views/layout.html: 0
[2013-12-01 14:51:17] EDIT UIpart/views/layout.html: 0
[2013-12-01 14:51:17] EDIT UIpart/views/layout.html: 0
[2013-12-01 14:52:17] EDIT UIpart/views/layout.html: 0
[2013-12-01 14:52:17] EDIT UIpart/views/layout.html: 0
[2013-12-01 14:52:17] EDIT UIpart/views/layout.html: 0
[2013-12-01 14:54:00] EDIT UIpart/views/layout.html: 0
[2013-12-01 14:54:00] EDIT UIpart/views/layout.html: 0
[2013-12-01 14:54:29] EDIT UIpart/views/layout.html: 0
[2013-12-01 14:54:30] EDIT UIpart/views/layout.html: 0
[2013-12-01 14:54:49] EDIT UIpart/views/layout.html: 0
[2013-12-01 14:59:43] EDIT UIpart/views/appadmin.html: 0
[2013-12-01 14:59:43] EDIT UIpart/views/appadmin.html: 0
[2013-12-01 14:59:44] EDIT UIpart/views/appadmin.html: 0
[2013-12-01 14:59:44] EDIT UIpart/views/appadmin.html: 0
[2013-12-01 17:22:09] EDIT UIpart/static/css_template/css/bootstrap.css: 0
[2013-12-01 17:26:39] EDIT UIpart/views/default/index.html: -12
[2013-12-01 17:36:30] EDIT UIpart/views/default/index.html: 20
[2013-12-01 17:36:30] EDIT UIpart/views/default/index.html: 0
[2013-12-01 17:37:28] EDIT UIpart/views/default/index.html: 3
[2013-12-01 17:37:28] EDIT UIpart/views/default/index.html: 0
[2013-12-01 17:37:29] EDIT UIpart/views/default/index.html: 0
[2013-12-01 17:38:31] EDIT UIpart/views/default/index.html: 1
[2013-12-01 17:38:31] EDIT UIpart/views/default/index.html: 0
[2013-12-01 17:38:50] EDIT UIpart/views/default/index.html: 0
[2013-12-01 17:38:50] EDIT UIpart/views/default/index.html: 0
[2013-12-01 17:39:59] EDIT UIpart/views/default/index.html: 5
[2013-12-01 17:39:59] EDIT UIpart/views/default/index.html: 0
[2013-12-01 17:40:17] EDIT UIpart/views/default/index.html: 0
[2013-12-01 17:40:40] EDIT UIpart/views/default/index.html: 0
[2013-12-01 17:40:40] EDIT UIpart/views/default/index.html: 0
[2013-12-01 17:41:06] EDIT UIpart/views/default/index.html: 0
[2013-12-01 17:41:06] EDIT UIpart/views/default/index.html: 0
[2013-12-01 17:41:06] EDIT UIpart/views/default/index.html: 0
[2013-12-01 17:41:06] EDIT UIpart/views/default/index.html: 0
[2013-12-01 17:42:45] EDIT UIpart/views/default/index.html: 1
[2013-12-01 17:42:46] EDIT UIpart/views/default/index.html: 0
[2013-12-01 17:42:46] EDIT UIpart/views/default/index.html: 0
[2013-12-01 17:43:58] EDIT UIpart/views/default/index.html: 1
[2013-12-01 17:43:58] EDIT UIpart/views/default/index.html: 0
[2013-12-01 17:45:56] EDIT UIpart/views/default/index.html: 0
[2013-12-01 17:45:56] EDIT UIpart/views/default/index.html: 0
[2013-12-01 17:46:32] EDIT UIpart/views/default/index.html: 3
[2013-12-01 17:46:32] EDIT UIpart/views/default/index.html: 0
[2013-12-01 17:46:55] EDIT UIpart/views/default/index.html: -2
[2013-12-01 17:46:55] EDIT UIpart/views/default/index.html: 0
[2013-12-01 17:46:55] EDIT UIpart/views/default/index.html: 0
[2013-12-01 17:47:15] EDIT UIpart/views/default/index.html: 0
[2013-12-01 17:47:15] EDIT UIpart/views/default/index.html: 0
[2013-12-01 17:47:33] EDIT UIpart/views/default/index.html: 0
[2013-12-01 17:47:33] EDIT UIpart/views/default/index.html: 0
[2013-12-01 17:49:49] EDIT UIpart/controllers/default.py: 39
[2013-12-01 18:01:43] EDIT UIpart/views/default/index.html: 1
[2013-12-01 18:01:43] EDIT UIpart/views/default/index.html: 0
[2013-12-01 18:01:43] EDIT UIpart/views/default/index.html: 0
[2013-12-01 18:05:22] EDIT UIpart/views/default/index.html: 0
[2013-12-01 18:05:33] EDIT UIpart/views/default/index.html: 0
[2013-12-01 18:06:17] EDIT UIpart/views/default/index.html: -2
[2013-12-01 18:08:08] EDIT UIpart/views/default/hotel_search.html: 20
[2013-12-01 18:14:56] EDIT UIpart/views/default/hotel_search.html: 4
[2013-12-01 18:14:57] EDIT UIpart/views/default/hotel_search.html: 0
[2013-12-01 18:14:57] EDIT UIpart/views/default/hotel_search.html: 0
[2013-12-01 18:15:06] EDIT UIpart/views/default/hotel_search.html: 0
[2013-12-01 18:15:06] EDIT UIpart/views/default/hotel_search.html: 0
[2013-12-01 18:15:06] EDIT UIpart/views/default/hotel_search.html: 0
[2013-12-01 18:15:17] EDIT UIpart/views/default/hotel_search.html: 0
[2013-12-01 18:16:19] EDIT UIpart/views/default/hotel_search.html: -1
[2013-12-01 18:16:19] EDIT UIpart/views/default/hotel_search.html: 0
[2013-12-01 18:17:00] EDIT UIpart/views/default/hotel_search.html: 0
[2013-12-01 18:17:00] EDIT UIpart/views/default/hotel_search.html: 0
[2013-12-01 18:17:17] EDIT UIpart/views/default/hotel_search.html: 0
[2013-12-01 18:17:17] EDIT UIpart/views/default/hotel_search.html: 0
[2013-12-01 18:17:39] EDIT UIpart/views/default/hotel_search.html: 1
[2013-12-01 18:27:37] EDIT UIpart/views/default/profile.html: 7
[2013-12-01 18:27:37] EDIT UIpart/views/default/profile.html: 0
[2013-12-01 18:27:58] EDIT UIpart/views/default/profile.html: 0
[2013-12-01 18:29:19] EDIT UIpart/views/default/profile.html: 8
[2013-12-01 18:29:19] EDIT UIpart/views/default/profile.html: 0
[2013-12-01 18:29:48] EDIT UIpart/views/default/profile.html: 1
[2013-12-01 18:29:48] EDIT UIpart/views/default/profile.html: 0
[2013-12-01 18:30:06] EDIT UIpart/views/default/profile.html: 0
[2013-12-01 18:30:51] EDIT UIpart/views/default/profile.html: 0
[2013-12-01 18:31:05] EDIT UIpart/views/default/profile.html: 0
[2013-12-01 18:31:20] EDIT UIpart/views/default/profile.html: 0
[2013-12-01 18:31:25] EDIT UIpart/views/default/profile.html: 0
[2013-12-01 18:32:17] EDIT UIpart/views/default/profile.html: 0
[2013-12-01 18:32:17] EDIT UIpart/views/default/profile.html: 0
[2013-12-01 18:33:03] EDIT UIpart/views/default/profile.html: 1
[2013-12-01 18:33:04] EDIT UIpart/views/default/profile.html: 0
[2013-12-01 18:33:21] EDIT UIpart/views/default/profile.html: 0
[2013-12-01 18:33:22] EDIT UIpart/views/default/profile.html: 0
[2013-12-01 18:33:22] EDIT UIpart/views/default/profile.html: 0
[2013-12-01 18:34:05] EDIT UIpart/views/default/profile.html: 2
[2013-12-01 18:34:43] EDIT UIpart/views/default/profile.html: 1
[2013-12-01 18:34:43] EDIT UIpart/views/default/profile.html: 0
[2013-12-01 18:35:09] EDIT UIpart/views/default/profile.html: 0
[2013-12-01 18:35:09] EDIT UIpart/views/default/profile.html: 0
[2013-12-01 18:35:57] EDIT UIpart/views/default/profile.html: 0
[2013-12-01 18:36:13] EDIT UIpart/views/default/profile.html: 0
[2013-12-01 18:37:22] EDIT UIpart/views/default/profile.html: 0
[2013-12-01 18:37:43] EDIT UIpart/views/default/profile.html: 0
[2013-12-01 18:38:02] EDIT UIpart/views/default/profile.html: 0
[2013-12-01 18:38:39] EDIT UIpart/views/default/profile.html: 0
[2013-12-01 18:39:24] EDIT UIpart/views/default/profile.html: 0
[2013-12-01 18:39:24] EDIT UIpart/views/default/profile.html: 0
[2013-12-01 18:39:45] EDIT UIpart/views/default/profile.html: 0
[2013-12-01 18:39:45] EDIT UIpart/views/default/profile.html: 0
[2013-12-01 18:39:57] EDIT UIpart/views/default/profile.html: 0
[2013-12-01 18:39:58] EDIT UIpart/views/default/profile.html: 0
[2013-12-01 18:40:12] EDIT UIpart/views/default/profile.html: 0
[2013-12-01 18:40:12] EDIT UIpart/views/default/profile.html: 0
[2013-12-01 18:43:11] EDIT UIpart/static/css_template/css/style.css: -1
[2013-12-01 18:43:11] EDIT UIpart/static/css_template/css/style.css: 0
[2013-12-01 18:43:12] EDIT UIpart/static/css_template/css/style.css: 0
[2013-12-01 18:43:37] EDIT UIpart/views/default/profile.html: 0
[2013-12-01 18:43:37] EDIT UIpart/views/default/profile.html: 0
[2013-12-01 18:46:35] EDIT UIpart/views/default/profile.html: 6
[2013-12-01 18:46:54] EDIT UIpart/views/default/profile.html: -2
[2013-12-01 18:52:48] EDIT UIpart/views/default/profile.html: 14
[2013-12-01 18:53:11] EDIT UIpart/views/default/profile.html: 0
[2013-12-01 18:53:11] EDIT UIpart/views/default/profile.html: 0
[2013-12-01 18:53:56] EDIT UIpart/views/default/profile.html: 0
[2013-12-01 18:53:56] EDIT UIpart/views/default/profile.html: 0
[2013-12-01 18:54:39] EDIT UIpart/views/default/profile.html: 0
[2013-12-01 18:54:40] EDIT UIpart/views/default/profile.html: 0
[2013-12-01 18:54:40] EDIT UIpart/views/default/profile.html: 0
[2013-12-01 18:54:58] EDIT UIpart/views/default/profile.html: 0
[2013-12-01 18:54:58] EDIT UIpart/views/default/profile.html: 0
[2013-12-01 19:01:32] EDIT UIpart/views/default/profile.html: 51
[2013-12-01 19:01:33] EDIT UIpart/views/default/profile.html: 0
[2013-12-01 19:01:33] EDIT UIpart/views/default/profile.html: 0
[2013-12-01 19:01:34] EDIT UIpart/views/default/profile.html: 0
[2013-12-01 19:01:34] EDIT UIpart/views/default/profile.html: 0
[2013-12-01 19:02:25] EDIT UIpart/views/default/profile.html: 3
[2013-12-01 19:02:25] EDIT UIpart/views/default/profile.html: 0
[2013-12-01 19:02:25] EDIT UIpart/views/default/profile.html: 0
[2013-12-01 19:03:07] EDIT UIpart/views/default/profile.html: 1
[2013-12-01 19:03:07] EDIT UIpart/views/default/profile.html: 0
[2013-12-01 19:04:24] EDIT UIpart/views/default/profile.html: 0
[2013-12-01 19:04:25] EDIT UIpart/views/default/profile.html: 0
[2013-12-01 19:04:25] EDIT UIpart/views/default/profile.html: 0
[2013-12-01 19:04:26] EDIT UIpart/views/default/profile.html: 0
[2013-12-01 19:04:26] EDIT UIpart/views/default/profile.html: 0
[2013-12-01 19:05:06] EDIT UIpart/views/default/profile.html: 1
[2013-12-01 19:05:06] EDIT UIpart/views/default/profile.html: 0
[2013-12-01 19:06:38] EDIT UIpart/views/default/profile.html: 0
[2013-12-01 19:06:38] EDIT UIpart/views/default/profile.html: 0
[2013-12-01 19:06:38] EDIT UIpart/views/default/profile.html: 0
[2013-12-01 19:07:14] EDIT UIpart/views/default/profile.html: -1
[2013-12-01 19:07:15] EDIT UIpart/views/default/profile.html: 0
[2013-12-01 19:07:17] EDIT UIpart/views/default/profile.html: -1
[2013-12-01 19:07:18] EDIT UIpart/views/default/profile.html: 0
[2013-12-01 19:09:15] EDIT UIpart/views/default/profile.html: -51
[2013-12-01 19:09:15] EDIT UIpart/views/default/profile.html: 0
[2013-12-01 19:09:20] EDIT UIpart/views/default/profile.html: 53
[2013-12-01 19:09:20] EDIT UIpart/views/default/profile.html: 0
[2013-12-01 19:14:36] EDIT UIpart/views/default/profile.html: -52
[2013-12-01 19:14:37] EDIT UIpart/views/default/profile.html: 0
[2013-12-01 19:17:41] EDIT UIpart/views/default/profile.html: 3
[2013-12-01 19:17:42] EDIT UIpart/views/default/profile.html: 0
[2013-12-01 19:18:03] EDIT UIpart/views/default/profile.html: 0
[2013-12-01 19:18:03] EDIT UIpart/views/default/profile.html: 0
[2013-12-01 19:18:16] EDIT UIpart/views/default/profile.html: 0
[2013-12-01 19:18:16] EDIT UIpart/views/default/profile.html: 0
[2013-12-01 19:18:48] EDIT UIpart/views/default/profile.html: 0
[2013-12-01 19:18:48] EDIT UIpart/views/default/profile.html: 0
[2013-12-01 19:18:48] EDIT UIpart/views/default/profile.html: 0
[2013-12-01 19:19:02] EDIT UIpart/views/default/profile.html: -2
[2013-12-01 19:20:42] EDIT UIpart/views/default/profile.html: 0
[2013-12-01 19:24:20] EDIT UIpart/views/layout.html: 0
[2013-12-01 19:24:21] EDIT UIpart/views/layout.html: 0
[2013-12-01 19:24:52] EDIT UIpart/views/layout2.html: 0
[2013-12-01 19:24:52] EDIT UIpart/views/layout2.html: 0
[2013-12-01 19:51:33] EDIT UIpart/views/layout2.html: 4
[2013-12-01 19:51:33] EDIT UIpart/views/layout2.html: 0
[2013-12-01 20:03:11] EDIT UIpart/views/layout2.html: 0
[2013-12-01 20:03:13] EDIT UIpart/views/layout2.html: 0
[2013-12-01 20:04:57] EDIT UIpart/views/layout.html.1: 4
[2013-12-01 20:07:45] EDIT UIpart/views/layout2.html: 0
[2013-12-01 20:07:45] EDIT UIpart/views/layout2.html: 0
[2013-12-01 20:09:14] EDIT UIpart/views/layout.html.1: 0
[2013-12-01 20:09:14] EDIT UIpart/views/layout.html.1: 0
[2013-12-01 20:09:14] EDIT UIpart/views/layout.html.1: 0
[2013-12-01 20:13:56] EDIT UIpart/views/layout2.html: 0
[2013-12-01 20:13:56] EDIT UIpart/views/layout2.html: 0
[2013-12-01 20:13:56] EDIT UIpart/views/layout2.html: 0
[2013-12-01 20:16:06] EDIT UIpart/views/layout.html.1: 1
[2013-12-01 20:16:06] EDIT UIpart/views/layout.html.1: 0
[2013-12-01 20:16:07] EDIT UIpart/views/layout.html.1: 0
[2013-12-01 20:16:07] EDIT UIpart/views/layout.html.1: 0
[2013-12-01 20:16:07] EDIT UIpart/views/layout.html.1: 0
[2013-12-01 20:16:08] EDIT UIpart/views/layout.html.1: 0
[2013-12-01 20:17:55] EDIT UIpart/views/layout.html.1: -1
[2013-12-01 20:22:52] EDIT UIpart/views/layout2.html: 1
[2013-12-01 20:24:00] EDIT UIpart/views/layout.html.1: 1
[2013-12-01 20:24:19] EDIT UIpart/views/layout.html.1: 0
[2013-12-01 20:25:34] EDIT UIpart/views/layout.html.1: 0
[2013-12-01 20:25:36] EDIT UIpart/views/layout.html.1: 0
[2013-12-01 20:26:09] EDIT UIpart/views/layout.html.1: 0
[2013-12-01 20:28:30] EDIT UIpart/controllers/default.py: 0
[2013-12-01 20:28:30] EDIT UIpart/controllers/default.py: 0
[2013-12-01 20:34:27] EDIT UIpart/views/layout.html: 4
[2013-12-01 20:48:24] EDIT UIpart/views/default/bus_booking.html: 24
[2013-12-01 20:49:10] EDIT UIpart/views/default/bus_booking.html: 8
[2013-12-01 20:49:10] EDIT UIpart/views/default/bus_booking.html: 0
[2013-12-01 20:49:10] EDIT UIpart/views/default/bus_booking.html: 0
[2013-12-01 20:49:39] EDIT UIpart/views/default/bus_booking.html: 2
[2013-12-01 20:54:14] EDIT UIpart/models/db.py: -1
[2013-12-01 21:22:27] EDIT UIpart/controllers/default.py: 0
[2013-12-01 21:22:37] EDIT UIpart/controllers/default.py: 0
[2013-12-01 21:23:15] EDIT UIpart/controllers/default.py: 0
[2013-12-01 21:23:17] EDIT UIpart/controllers/default.py: 0
[2013-12-01 21:23:56] EDIT UIpart/controllers/default.py: 1
[2013-12-01 21:25:33] EDIT UIpart/controllers/default.py: -1
[2013-12-01 21:44:46] EDIT UIpart/controllers/default.py: 0
[2013-12-01 21:44:58] EDIT UIpart/controllers/default.py: 0
[2013-12-01 23:51:01] EDIT UIpart/views/default/rail.html: 1
[2013-12-01 23:54:24] EDIT UIpart/views/default/rail.html: 8
[2013-12-01 23:54:24] EDIT UIpart/views/default/rail.html: 0
[2013-12-01 23:54:25] EDIT UIpart/views/default/rail.html: 0
[2013-12-01 23:57:50] EDIT UIpart/views/default/rail.html: 1
[2013-12-01 23:57:51] EDIT UIpart/views/default/rail.html: 0
[2013-12-01 23:57:51] EDIT UIpart/views/default/rail.html: 0
[2013-12-02 00:01:01] EDIT UIpart/views/default/rail.html: -1
[2013-12-02 00:01:01] EDIT UIpart/views/default/rail.html: 0
[2013-12-02 00:01:10] EDIT UIpart/views/default/rail.html: 1
[2013-12-02 00:01:10] EDIT UIpart/views/default/rail.html: 0
[2013-12-02 00:08:55] EDIT UIpart/views/default/rail.html: -1
[2013-12-02 00:13:46] EDIT UIpart/views/default/railway.html: 38
[2013-12-02 00:14:25] EDIT UIpart/views/default/railway.html: -3
[2013-12-02 00:14:26] EDIT UIpart/views/default/railway.html: 0
[2013-12-02 00:14:26] EDIT UIpart/views/default/railway.html: 0
[2013-12-02 00:15:20] EDIT UIpart/views/default/railway.html: -4
[2013-12-02 00:15:20] EDIT UIpart/views/default/railway.html: 0
[2013-12-02 00:15:20] EDIT UIpart/views/default/railway.html: 0
[2013-12-02 00:15:36] EDIT UIpart/views/default/railway.html: 0
[2013-12-02 00:15:36] EDIT UIpart/views/default/railway.html: 0
[2013-12-02 00:16:12] EDIT UIpart/views/default/railway.html: 0
[2013-12-02 00:17:01] EDIT UIpart/views/default/index.html: 0
[2013-12-02 00:18:32] EDIT UIpart/controllers/default.py: 1
[2013-12-02 00:18:46] EDIT UIpart/controllers/default.py: -1
[2013-12-02 00:18:47] EDIT UIpart/controllers/default.py: 0
[2013-12-02 00:19:05] EDIT UIpart/controllers/default.py: 1
[2013-12-02 00:19:07] EDIT UIpart/controllers/default.py: 0
[2013-12-02 00:19:07] EDIT UIpart/controllers/default.py: 0
[2013-12-02 00:19:07] EDIT UIpart/controllers/default.py: 0
[2013-12-02 00:19:08] EDIT UIpart/controllers/default.py: 0
[2013-12-02 00:19:08] EDIT UIpart/controllers/default.py: 0
[2013-12-02 00:19:08] EDIT UIpart/controllers/default.py: 0
[2013-12-02 00:19:08] EDIT UIpart/controllers/default.py: 0
[2013-12-02 00:21:26] EDIT UIpart/views/layout.html: 5
[2013-12-02 00:22:20] EDIT UIpart/views/layout2.html: 6
[2013-12-02 00:22:20] EDIT UIpart/views/layout2.html: 0
[2013-12-02 00:22:20] EDIT UIpart/views/layout2.html: 0
[2013-12-02 00:23:06] EDIT UIpart/views/layout.html: -3
[2013-12-02 00:24:28] EDIT UIpart/views/layout.html: 0
[2013-12-02 00:25:21] EDIT UIpart/views/layout.html: 6
[2013-12-02 00:25:21] EDIT UIpart/views/layout.html: 0
[2013-12-02 00:26:24] EDIT UIpart/views/layout.html: 0
[2013-12-02 00:26:51] EDIT UIpart/views/layout.html: 0
[2013-12-02 00:27:09] EDIT UIpart/views/layout.html: 0
[2013-12-02 00:27:59] EDIT UIpart/views/layout.html: 0
[2013-12-02 00:27:59] EDIT UIpart/views/layout.html: 0
[2013-12-02 00:28:00] EDIT UIpart/views/layout2.html: 6
[2013-12-02 00:29:04] EDIT UIpart/views/layout.html: 4
[2013-12-02 00:29:04] EDIT UIpart/views/layout.html: 0
[2013-12-02 00:43:41] EDIT UIpart/views/layout.html: 0
[2013-12-02 00:44:32] EDIT UIpart/views/layout2.html: 0
[2013-12-02 00:44:44] EDIT UIpart/views/layout2.html: 0
[2013-12-02 00:46:15] EDIT UIpart/views/layout2.html: 4
[2013-12-02 00:57:22] EDIT UIpart/controllers/default.py: 2
[2013-12-02 00:57:23] EDIT UIpart/controllers/default.py: 0
[2013-12-02 00:58:28] EDIT UIpart/controllers/default.py: -2
[2013-12-02 00:58:43] EDIT UIpart/controllers/default.py: 0
[2013-12-02 01:00:16] EDIT UIpart/controllers/default.py: 2
[2013-12-02 01:00:16] EDIT UIpart/controllers/default.py: 0
[2013-12-02 01:00:44] EDIT UIpart/controllers/default.py: -21
[2013-12-02 01:03:34] EDIT UIpart/controllers/default.py: 2
[2013-12-02 01:04:22] EDIT UIpart/controllers/default.py: 0
[2013-12-02 01:04:22] EDIT UIpart/controllers/default.py: 0
[2013-12-02 01:04:41] EDIT UIpart/controllers/default.py: 0
[2013-12-02 01:04:41] EDIT UIpart/controllers/default.py: 0
[2013-12-02 01:07:35] EDIT UIpart/controllers/default.py: 5
[2013-12-02 01:07:35] EDIT UIpart/controllers/default.py: 0
[2013-12-02 01:07:35] EDIT UIpart/controllers/default.py: 0
[2013-12-02 01:07:54] EDIT UIpart/controllers/default.py: 1
[2013-12-02 01:08:18] EDIT UIpart/controllers/default.py: 0
[2013-12-02 01:08:24] EDIT UIpart/controllers/default.py: 0
[2013-12-02 01:08:35] EDIT UIpart/controllers/default.py: -1
[2013-12-02 01:08:39] EDIT UIpart/controllers/default.py: 0
[2013-12-02 01:08:44] EDIT UIpart/controllers/default.py: 0
[2013-12-02 01:08:48] EDIT UIpart/controllers/default.py: 0
[2013-12-02 01:08:51] EDIT UIpart/controllers/default.py: 0
[2013-12-02 01:08:56] EDIT UIpart/controllers/default.py: 0
[2013-12-02 01:09:00] EDIT UIpart/controllers/default.py: 0
[2013-12-02 01:09:02] EDIT UIpart/controllers/default.py: 0
[2013-12-02 01:09:05] EDIT UIpart/controllers/default.py: 0
[2013-12-02 01:09:10] EDIT UIpart/controllers/default.py: 0
[2013-12-02 01:09:13] EDIT UIpart/controllers/default.py: 0
[2013-12-02 01:09:23] EDIT UIpart/controllers/default.py: -1
[2013-12-02 01:09:30] EDIT UIpart/controllers/default.py: 1
[2013-12-02 01:09:35] EDIT UIpart/controllers/default.py: 0
[2013-12-02 01:09:52] EDIT UIpart/controllers/default.py: -56
[2013-12-02 01:15:30] EDIT UIpart/controllers/default.py: 2
[2013-12-02 01:15:30] EDIT UIpart/controllers/default.py: 0
[2013-12-02 01:15:30] EDIT UIpart/controllers/default.py: 0
[2013-12-02 01:18:29] EDIT UIpart/views/default/rail.html: 3
[2013-12-02 01:19:38] EDIT UIpart/views/default/rail.html: 0
[2013-12-02 01:21:22] EDIT UIpart/static/css_template/css/bootstrap.css: 0
[2013-12-02 01:21:26] EDIT UIpart/static/css_template/css/bootstrap.css: 0
[2013-12-02 01:21:35] EDIT UIpart/static/css_template/css/bootstrap.css: 0
[2013-12-02 01:21:35] EDIT UIpart/static/css_template/css/bootstrap.css: 0
[2013-12-02 01:28:55] EDIT UIpart/views/default/rail.html: 1
[2013-12-02 01:28:55] EDIT UIpart/views/default/rail.html: 0
[2013-12-02 01:31:34] EDIT UIpart/views/default/rail.html: 3
[2013-12-02 01:31:34] EDIT UIpart/views/default/rail.html: 0
[2013-12-02 01:32:28] EDIT UIpart/controllers/default.py: -1
[2013-12-02 01:34:36] EDIT UIpart/controllers/default.py: 0
[2013-12-02 01:35:48] EDIT UIpart/views/layout2.html: -3
[2013-12-02 01:35:49] EDIT UIpart/views/layout2.html: 0
[2013-12-02 01:36:55] EDIT UIpart/controllers/default.py: 0
[2013-12-02 02:08:50] EDIT UIpart/views/default/route.html: 2
[2013-12-02 02:13:08] EDIT UIpart/views/default/route.html: 7
[2013-12-02 02:16:40] EDIT UIpart/views/default/route.html: 0
[2013-12-02 02:17:51] EDIT UIpart/views/default/route.html: 0
[2013-12-02 02:19:45] EDIT UIpart/views/default/route.html: 3
[2013-12-02 02:19:45] EDIT UIpart/views/default/route.html: 0
[2013-12-02 02:38:08] DELETE UIpart/views/layout.html.1: -268
[2013-12-02 02:40:33] EDIT UIpart/views/layout.html: 0
[2013-12-02 02:41:46] EDIT UIpart/static/css_template/css/style.css: 3
[2013-12-02 02:41:47] EDIT UIpart/static/css_template/css/style.css: 0
[2013-12-02 02:42:05] EDIT UIpart/static/css_template/css/style.css: 0
[2013-12-02 02:47:43] EDIT UIpart/views/layout2.html: 0
[2013-12-02 02:47:45] EDIT UIpart/views/layout.html: 0
[2013-12-02 02:53:24] EDIT UIpart/views/default/viewbookings.html: 0
[2013-12-02 02:54:51] EDIT UIpart/views/default/viewbookings.html: 0
[2013-12-02 03:06:09] EDIT UIpart/views/default/viewbookings.html: 11
[2013-12-02 03:06:27] EDIT UIpart/views/default/viewbookings.html: 0
[2013-12-02 03:06:45] EDIT UIpart/views/default/viewbookings.html: 0
[2013-12-02 03:06:58] EDIT UIpart/views/default/viewbookings.html: 0
[2013-12-02 03:07:21] EDIT UIpart/views/default/viewbookings.html: 0
[2013-12-02 03:07:37] EDIT UIpart/views/default/viewbookings.html: 1
[2013-12-02 03:11:43] EDIT UIpart/views/default/viewbookings.html: 0
[2013-12-02 03:11:43] EDIT UIpart/views/default/viewbookings.html: 0
[2013-12-02 03:11:43] EDIT UIpart/views/default/viewbookings.html: 0
[2013-12-02 03:11:52] EDIT UIpart/views/default/viewbookings.html: 0
[2013-12-02 03:12:31] EDIT UIpart/views/default/viewbookings.html: 0
[2013-12-02 03:14:24] EDIT UIpart/views/default/viewbookings.html: 0
[2013-12-02 03:14:24] EDIT UIpart/views/default/viewbookings.html: 0
[2013-12-02 03:14:25] EDIT UIpart/views/default/viewbookings.html: 0
[2013-12-02 03:14:25] EDIT UIpart/views/default/viewbookings.html: 0
[2013-12-02 03:14:39] EDIT UIpart/views/default/viewbookings.html: 0
[2013-12-02 03:16:05] EDIT UIpart/views/default/viewbookings.html: 0
[2013-12-02 03:16:06] EDIT UIpart/views/default/viewbookings.html: 0
[2013-12-02 03:17:17] EDIT UIpart/views/default/viewbookings.html: 0
[2013-12-02 03:18:10] EDIT UIpart/views/default/viewbookings.html: 0
[2013-12-02 03:18:42] EDIT UIpart/views/default/viewbookings.html: 0
[2013-12-02 03:20:55] EDIT UIpart/views/default/viewbookings.html: 0
[2013-12-02 03:24:17] EDIT UIpart/views/default/viewbookings.html: 0
[2013-12-02 03:24:46] EDIT UIpart/views/default/viewbookings.html: 0
[2013-12-02 03:26:36] EDIT UIpart/views/default/viewbookings.html: 0
[2013-12-02 03:26:36] EDIT UIpart/views/default/viewbookings.html: 0
[2013-12-02 03:27:11] EDIT UIpart/views/default/viewbookings.html: 0
[2013-12-02 03:27:11] EDIT UIpart/views/default/viewbookings.html: 0
[2013-12-02 03:27:48] EDIT UIpart/views/default/viewbookings.html: 1
[2013-12-02 03:28:29] EDIT UIpart/views/default/viewbookings.html: 3
[2013-12-02 03:28:52] EDIT UIpart/views/default/viewbookings.html: 1
[2013-12-02 03:29:42] EDIT UIpart/views/default/viewbookings.html: 2
[2013-12-02 03:29:54] EDIT UIpart/views/default/viewbookings.html: 0
[2013-12-02 03:30:18] EDIT UIpart/views/default/viewbookings.html: 1
[2013-12-02 03:31:54] EDIT UIpart/views/default/viewbookings.html: 0
[2013-12-02 03:32:18] EDIT UIpart/views/default/viewbookings.html: -1
[2013-12-02 03:32:48] EDIT UIpart/views/default/viewbookings.html: 1
[2013-12-02 03:37:41] EDIT UIpart/views/default/viewbookings.html: 3
[2013-12-02 03:38:52] EDIT UIpart/views/default/viewbookings.html: 2
[2013-12-02 03:38:52] EDIT UIpart/views/default/viewbookings.html: 0
[2013-12-02 03:39:31] EDIT UIpart/views/default/viewbookings.html: 3
[2013-12-02 03:40:10] EDIT UIpart/views/default/viewbookings.html: 0
[2013-12-02 03:43:38] EDIT UIpart/views/default/viewbookings.html: 1
[2013-12-02 03:44:50] EDIT UIpart/views/default/viewbookings.html: 0
[2013-12-02 03:44:50] EDIT UIpart/views/default/viewbookings.html: 0
[2013-12-02 03:48:21] EDIT UIpart/views/default/viewbookings.html: 0
[2013-12-02 03:49:02] EDIT UIpart/views/default/viewbookings.html: 0
[2013-12-02 03:49:32] EDIT UIpart/views/default/viewbookings.html: 0
[2013-12-02 03:49:55] EDIT UIpart/views/default/viewbookings.html: 4
[2013-12-02 03:50:28] EDIT UIpart/views/default/viewbookings.html: 0
[2013-12-02 03:51:20] EDIT UIpart/views/default/viewbookings.html: 0
[2013-12-02 03:51:20] EDIT UIpart/views/default/viewbookings.html: 0
[2013-12-02 03:51:37] EDIT UIpart/views/default/viewbookings.html: 0
[2013-12-02 03:52:06] EDIT UIpart/views/default/viewbookings.html: 0
[2013-12-02 03:53:56] EDIT UIpart/views/default/viewbookings.html: 0
[2013-12-02 03:54:41] EDIT UIpart/views/default/viewbookings.html: 0
[2013-12-02 03:56:29] EDIT UIpart/views/default/viewbookings.html: 0
[2013-12-02 03:56:29] EDIT UIpart/views/default/viewbookings.html: 0
[2013-12-02 04:04:24] EDIT UIpart/views/default/viewbookings.html: 0
[2013-12-02 04:05:15] EDIT UIpart/views/default/viewbookings.html: 0
[2013-12-02 04:06:56] EDIT UIpart/views/default/viewbookings.html: 0
[2013-12-02 04:09:16] EDIT UIpart/views/default/viewbookings.html: 0
[2013-12-02 04:09:17] EDIT UIpart/views/default/viewbookings.html: 0
[2013-12-02 04:13:31] EDIT UIpart/views/default/viewbookings.html: 2
[2013-12-02 04:16:32] EDIT UIpart/views/layout.html: 0
[2013-12-02 04:16:42] EDIT UIpart/views/layout2.html: 0
[2013-12-02 04:27:05] EDIT UIpart/controllers/default.py: 1
[2013-12-02 04:27:18] EDIT UIpart/controllers/default.py: 0
[2013-12-02 04:27:20] EDIT UIpart/controllers/default.py: 0
[2013-12-02 04:27:20] EDIT UIpart/controllers/default.py: 0
[2013-12-02 04:27:27] EDIT UIpart/controllers/default.py: 0
[2013-12-02 04:27:35] EDIT UIpart/controllers/default.py: 0
[2013-12-02 04:37:13] EDIT UIpart/views/layout.html: 3
[2013-12-02 04:40:20] EDIT UIpart/views/layout.html: 0
[2013-12-02 04:44:09] EDIT UIpart/models/db.py: 3
[2013-12-02 04:48:43] EDIT UIpart/views/layout.html: 0
[2013-12-02 04:49:54] EDIT UIpart/controllers/default.py: 2
[2013-12-02 04:50:03] EDIT UIpart/controllers/default.py: 0
[2013-12-02 04:50:04] EDIT UIpart/controllers/default.py: 0
[2013-12-02 04:50:04] EDIT UIpart/controllers/default.py: 0
[2013-12-02 04:50:04] EDIT UIpart/controllers/default.py: 0
[2013-12-02 04:50:04] EDIT UIpart/controllers/default.py: 0
[2013-12-02 04:50:05] EDIT UIpart/controllers/default.py: 0
[2013-12-02 04:50:05] EDIT UIpart/controllers/default.py: 0
[2013-12-02 04:50:15] EDIT UIpart/controllers/default.py: 0
[2013-12-02 04:50:15] EDIT UIpart/controllers/default.py: 0
[2013-12-02 04:50:26] EDIT UIpart/controllers/default.py: 0
[2013-12-02 04:50:33] EDIT UIpart/controllers/default.py: 0
[2013-12-02 04:50:33] EDIT UIpart/controllers/default.py: 0
[2013-12-02 04:50:34] EDIT UIpart/controllers/default.py: 0
[2013-12-02 04:50:34] EDIT UIpart/controllers/default.py: 0
[2013-12-02 04:50:34] EDIT UIpart/controllers/default.py: 0
[2013-12-02 04:50:42] EDIT UIpart/controllers/default.py: 0
[2013-12-02 04:51:50] EDIT UIpart/views/layout.html: 0
[2013-12-02 04:51:50] EDIT UIpart/views/layout.html: 0
[2013-12-02 04:51:51] EDIT UIpart/views/layout.html: 0
[2013-12-02 04:51:51] EDIT UIpart/views/layout.html: 0
[2013-12-02 04:51:51] EDIT UIpart/views/layout.html: 0
[2013-12-02 04:52:10] EDIT UIpart/models/db.py: -3
[2013-12-02 04:53:35] EDIT UIpart/controllers/default.py: -1
[2013-12-02 04:53:45] EDIT UIpart/controllers/default.py: 0
[2013-12-02 04:53:46] EDIT UIpart/controllers/default.py: 0
[2013-12-02 04:53:47] EDIT UIpart/controllers/default.py: 0
[2013-12-02 04:53:47] EDIT UIpart/controllers/default.py: 0
[2013-12-02 04:53:48] EDIT UIpart/controllers/default.py: 0
[2013-12-02 04:54:02] EDIT UIpart/controllers/default.py: -1
[2013-12-02 04:54:13] EDIT UIpart/controllers/default.py: 0
[2013-12-02 04:55:36] EDIT UIpart/views/layout.html: 0
[2013-12-02 04:57:22] EDIT UIpart/views/layout2.html: 0
[2013-12-02 05:00:05] EDIT UIpart/views/layout2.html: 0
[2013-12-02 05:03:38] EDIT UIpart/views/default/profile.html.1: 0
[2013-12-02 05:04:16] EDIT UIpart/views/default/profile.html.1: 0
[2013-12-02 05:04:54] DELETE UIpart/views/default/profile.html.1: -39
[2013-12-02 05:05:56] EDIT UIpart/views/default/profile.html: 0
[2013-12-02 05:06:50] EDIT UIpart/views/default/search_result.html: 0
[2013-12-02 05:41:27] EDIT UIpart/views/default/index.html: 6
[2013-12-02 05:41:53] EDIT UIpart/views/default/index.html: 1
[2013-12-02 05:42:16] EDIT UIpart/views/default/index.html: 0
[2013-12-02 05:43:24] EDIT UIpart/views/default/index.html: 0
[2013-12-02 05:55:56] EDIT UIpart/controllers/default.py: 1
[2013-12-02 06:33:55] EDIT UIpart/controllers/default.py: 22
[2013-12-02 06:33:56] EDIT UIpart/controllers/default.py: 0
[2013-12-02 06:33:56] EDIT UIpart/controllers/default.py: 0
[2013-12-02 06:33:56] EDIT UIpart/controllers/default.py: 0
[2013-12-02 06:33:56] EDIT UIpart/controllers/default.py: 0
[2013-12-02 06:35:21] EDIT UIpart/controllers/default.py: 8
[2013-12-02 06:35:21] EDIT UIpart/controllers/default.py: 0
[2013-12-02 06:35:22] EDIT UIpart/controllers/default.py: 0
[2013-12-02 06:36:04] EDIT UIpart/views/default/rail.html: 1
[2013-12-02 06:36:29] EDIT UIpart/controllers/default.py: 0
[2013-12-02 06:37:19] CREATE default/fare.html: 0
[2013-12-02 06:37:47] EDIT UIpart/views/default/fare.html: 3
[2013-12-02 06:37:47] EDIT UIpart/views/default/fare.html: 0
[2013-12-02 06:38:28] EDIT UIpart/controllers/default.py: 0
[2013-12-02 06:38:34] EDIT UIpart/views/default/fare.html: 0
[2013-12-02 06:38:34] EDIT UIpart/views/default/fare.html: 0
[2013-12-02 06:39:49] EDIT UIpart/controllers/default.py: 0
[2013-12-02 06:39:49] EDIT UIpart/controllers/default.py: 0
[2013-12-02 06:40:52] EDIT UIpart/controllers/default.py: 0
[2013-12-02 06:40:52] EDIT UIpart/controllers/default.py: 0
[2013-12-02 06:42:14] EDIT UIpart/controllers/default.py: 0
[2013-12-02 06:42:14] EDIT UIpart/controllers/default.py: 0
[2013-12-02 06:42:37] EDIT UIpart/views/default/rail.html: 0
[2013-12-02 06:42:37] EDIT UIpart/views/default/rail.html: 0
[2013-12-02 06:44:56] EDIT UIpart/controllers/default.py: 1
[2013-12-02 06:44:56] EDIT UIpart/controllers/default.py: 0
[2013-12-02 06:48:15] EDIT UIpart/controllers/default.py: -2
[2013-12-02 06:48:22] EDIT UIpart/views/default/rail.html: -1
[2013-12-02 06:48:22] EDIT UIpart/views/default/rail.html: 0
[2013-12-02 06:49:27] EDIT UIpart/controllers/default.py: 1
[2013-12-02 06:49:27] EDIT UIpart/controllers/default.py: 0
[2013-12-02 06:50:25] EDIT UIpart/controllers/default.py: 1
[2013-12-02 06:50:25] EDIT UIpart/controllers/default.py: 0
[2013-12-02 06:51:00] EDIT UIpart/controllers/default.py: -1
[2013-12-02 06:51:00] EDIT UIpart/controllers/default.py: 0
[2013-12-02 06:51:37] EDIT UIpart/controllers/default.py: -1
[2013-12-02 06:52:29] EDIT UIpart/views/default/fare.html: -4
[2013-12-02 06:52:30] EDIT UIpart/views/default/fare.html: 0
[2013-12-02 06:55:38] EDIT UIpart/controllers/default.py: 0
[2013-12-02 06:55:38] EDIT UIpart/controllers/default.py: 0
[2013-12-02 06:55:38] EDIT UIpart/controllers/default.py: 0
[2013-12-02 06:55:45] EDIT UIpart/controllers/default.py: 0
[2013-12-02 06:55:45] EDIT UIpart/controllers/default.py: 0
[2013-12-02 06:57:31] EDIT UIpart/controllers/default.py: 2
[2013-12-02 06:57:31] EDIT UIpart/controllers/default.py: 0
[2013-12-02 06:57:31] EDIT UIpart/controllers/default.py: 0
[2013-12-02 06:57:39] EDIT UIpart/controllers/default.py: 0
[2013-12-02 06:58:11] EDIT UIpart/controllers/default.py: 0
[2013-12-02 06:58:11] EDIT UIpart/controllers/default.py: 0
[2013-12-02 06:58:12] EDIT UIpart/controllers/default.py: 0
[2013-12-02 06:58:45] EDIT UIpart/views/default/rail.html: 1
[2013-12-02 06:58:45] EDIT UIpart/views/default/rail.html: 0
[2013-12-02 07:02:40] EDIT UIpart/controllers/default.py: 5
[2013-12-02 07:02:53] EDIT UIpart/controllers/default.py: -4
[2013-12-02 07:02:59] EDIT UIpart/controllers/default.py: 0
[2013-12-02 07:03:16] EDIT UIpart/controllers/default.py: 0
[2013-12-02 07:03:28] EDIT UIpart/controllers/default.py: 0
[2013-12-02 07:03:40] EDIT UIpart/controllers/default.py: 0
[2013-12-02 07:04:04] EDIT UIpart/controllers/default.py: 0
[2013-12-02 07:04:10] EDIT UIpart/controllers/default.py: 0
[2013-12-02 07:04:10] EDIT UIpart/controllers/default.py: 0
[2013-12-02 07:04:10] EDIT UIpart/controllers/default.py: 0
[2013-12-02 07:04:10] EDIT UIpart/controllers/default.py: 0
[2013-12-02 07:04:10] EDIT UIpart/controllers/default.py: 0
[2013-12-02 07:04:11] EDIT UIpart/controllers/default.py: 0
[2013-12-02 07:04:11] EDIT UIpart/controllers/default.py: 0
[2013-12-02 07:04:35] EDIT UIpart/controllers/default.py: 0
[2013-12-02 07:04:41] EDIT UIpart/controllers/default.py: 0
[2013-12-02 07:04:49] EDIT UIpart/controllers/default.py: 0
[2013-12-02 07:04:50] EDIT UIpart/controllers/default.py: 0
[2013-12-02 07:04:51] EDIT UIpart/controllers/default.py: 0
[2013-12-02 07:04:58] EDIT UIpart/controllers/default.py: 0
[2013-12-02 07:05:00] EDIT UIpart/controllers/default.py: 0
[2013-12-02 07:05:03] EDIT UIpart/controllers/default.py: 0
[2013-12-02 07:05:06] EDIT UIpart/controllers/default.py: 0
[2013-12-02 07:05:27] EDIT UIpart/controllers/default.py: 0
[2013-12-02 07:05:29] EDIT UIpart/controllers/default.py: 0
[2013-12-02 07:05:29] EDIT UIpart/controllers/default.py: 0
[2013-12-02 07:05:30] EDIT UIpart/controllers/default.py: 0
[2013-12-02 07:05:31] EDIT UIpart/controllers/default.py: 0
[2013-12-02 07:05:41] EDIT UIpart/controllers/default.py: 0
[2013-12-02 07:05:44] EDIT UIpart/controllers/default.py: 0
[2013-12-02 07:05:47] EDIT UIpart/controllers/default.py: 0
[2013-12-02 07:05:56] EDIT UIpart/controllers/default.py: 0
[2013-12-02 07:05:56] EDIT UIpart/controllers/default.py: 0
[2013-12-02 07:05:59] EDIT UIpart/controllers/default.py: 0
[2013-12-02 07:06:24] EDIT UIpart/controllers/default.py: 0
[2013-12-02 07:06:37] EDIT UIpart/controllers/default.py: -1
[2013-12-02 07:06:43] EDIT UIpart/controllers/default.py: 0
[2013-12-02 07:06:49] EDIT UIpart/controllers/default.py: 0
[2013-12-02 07:07:01] EDIT UIpart/controllers/default.py: 0
[2013-12-02 07:07:05] EDIT UIpart/controllers/default.py: 0
[2013-12-02 07:07:06] EDIT UIpart/controllers/default.py: 0
[2013-12-02 07:07:06] EDIT UIpart/controllers/default.py: 0
[2013-12-02 07:07:06] EDIT UIpart/controllers/default.py: 0
[2013-12-02 07:07:06] EDIT UIpart/controllers/default.py: 0
[2013-12-02 07:07:26] EDIT UIpart/controllers/default.py: 0
[2013-12-02 07:07:52] EDIT UIpart/controllers/default.py: 0
[2013-12-02 07:08:09] EDIT UIpart/controllers/default.py: 0
[2013-12-02 07:08:20] EDIT UIpart/controllers/default.py: 0
[2013-12-02 07:08:38] EDIT UIpart/controllers/default.py: 0
[2013-12-02 07:08:46] EDIT UIpart/views/default/rail.html: -1
[2013-12-02 07:08:46] EDIT UIpart/views/default/rail.html: 0
[2013-12-02 07:09:11] EDIT UIpart/views/default/fare.html: 1
[2013-12-02 07:09:12] EDIT UIpart/views/default/fare.html: 0
[2013-12-02 07:10:17] EDIT UIpart/controllers/default.py: 3
[2013-12-02 07:10:25] EDIT UIpart/controllers/default.py: 0
[2013-12-02 07:11:02] EDIT UIpart/controllers/default.py: 2
[2013-12-02 07:11:09] EDIT UIpart/controllers/default.py: 0
[2013-12-02 07:11:09] EDIT UIpart/controllers/default.py: 0
[2013-12-02 07:11:39] EDIT UIpart/controllers/default.py: 1
[2013-12-02 07:11:39] EDIT UIpart/controllers/default.py: 0
[2013-12-02 07:14:06] EDIT UIpart/controllers/default.py: 1
[2013-12-02 07:14:41] EDIT UIpart/controllers/default.py: 0
[2013-12-02 07:15:18] EDIT UIpart/controllers/default.py: 1
[2013-12-02 07:16:41] EDIT UIpart/controllers/default.py: -2
[2013-12-02 07:17:12] EDIT UIpart/controllers/default.py: 0
[2013-12-02 07:17:13] EDIT UIpart/controllers/default.py: 0
[2013-12-02 07:20:02] EDIT UIpart/controllers/default.py: 0
[2013-12-02 07:20:35] EDIT UIpart/views/default/fare.html: 0
[2013-12-02 07:20:35] EDIT UIpart/views/default/fare.html: 0
[2013-12-02 07:20:40] EDIT UIpart/views/default/fare.html: 0
[2013-12-02 07:20:40] EDIT UIpart/views/default/fare.html: 0
[2013-12-02 07:20:46] EDIT UIpart/views/default/fare.html: 0
[2013-12-02 07:20:47] EDIT UIpart/views/default/fare.html: 0
[2013-12-02 07:20:57] EDIT UIpart/controllers/default.py: 0
[2013-12-02 07:20:57] EDIT UIpart/controllers/default.py: 0
[2013-12-02 07:21:23] EDIT UIpart/views/default/fare.html: 0
[2013-12-02 07:22:28] EDIT UIpart/views/default/fare.html: 0
[2013-12-02 07:22:28] EDIT UIpart/views/default/fare.html: 0
[2013-12-02 07:22:32] EDIT UIpart/views/default/fare.html: 0
[2013-12-02 07:22:33] EDIT UIpart/views/default/fare.html: 0
[2013-12-02 07:22:33] EDIT UIpart/views/default/fare.html: 0
[2013-12-02 07:24:29] EDIT UIpart/views/default/fare.html: 3
[2013-12-02 07:24:29] EDIT UIpart/views/default/fare.html: 0
[2013-12-02 07:24:30] EDIT UIpart/views/default/fare.html: 0
[2013-12-02 07:24:48] EDIT UIpart/controllers/default.py: 0
[2013-12-02 07:24:48] EDIT UIpart/controllers/default.py: 0
[2013-12-02 07:24:49] EDIT UIpart/controllers/default.py: 0
[2013-12-02 07:25:22] EDIT UIpart/views/default/fare.html: 0
[2013-12-02 07:25:22] EDIT UIpart/views/default/fare.html: 0
[2013-12-02 07:26:13] EDIT UIpart/views/default/fare.html: 0
[2013-12-02 07:26:14] EDIT UIpart/views/default/fare.html: 0
[2013-12-02 07:26:14] EDIT UIpart/views/default/fare.html: 0
[2013-12-02 07:26:39] EDIT UIpart/views/default/fare.html: 0
[2013-12-02 07:26:39] EDIT UIpart/views/default/fare.html: 0
[2013-12-02 07:29:34] EDIT UIpart/views/default/bus_confirm.html: 0
[2013-12-02 07:29:41] EDIT UIpart/views/default/confirm.html: 0
[2013-12-02 07:30:03] EDIT UIpart/views/default/flight_review.html: 0
[2013-12-02 07:30:20] EDIT UIpart/views/default/bus_result.html: 0
[2013-12-02 07:30:24] EDIT UIpart/views/default/bus_confirm.html: 0
[2013-12-02 07:30:41] EDIT UIpart/views/default/fare.html: 0
[2013-12-02 07:31:10] EDIT UIpart/views/default/hotel_1con.html: 0
[2013-12-02 07:31:16] EDIT UIpart/views/default/hotel_confirm.html: 0
[2013-12-02 07:33:27] EDIT UIpart/views/default/rail.html: 0
[2013-12-02 07:34:33] EDIT UIpart/views/default/fare.html: 1
[2013-12-02 07:36:13] EDIT UIpart/views/default/fare.html: 0
[2013-12-02 07:37:15] EDIT UIpart/views/default/fare.html: 0
[2013-12-02 07:37:15] EDIT UIpart/views/default/fare.html: 0
[2013-12-02 07:38:26] EDIT UIpart/views/default/fare.html: 2
[2013-12-02 07:39:06] EDIT UIpart/views/default/fare.html: 0
[2013-12-02 07:40:23] EDIT UIpart/views/layout.html: -9
[2013-12-02 07:41:16] EDIT UIpart/views/layout2.html: -9
[2013-12-02 09:02:21] EDIT UIpart/controllers/default.py: 0
[2013-12-02 09:02:27] EDIT UIpart/controllers/default.py: 0
[2013-12-02 09:02:28] EDIT UIpart/controllers/default.py: 0
